C:\Users\Akki\Primus IDP\primus_idp_backend\.venv\Lib\site-packages\chonkie\chunker\code.py:77: UserWarning: The language is set to `auto`. This would adversely affect the performance of the chunker. Consider setting the `language` parameter to a specific language to improve performance.
  warnings.warn("The language is set to `auto`. This would adversely affect the performance of the chunker. " +
INFO:     Started server process [19632]
INFO:     Waiting for application startup.
ERROR:    Traceback (most recent call last):
  File "C:\Users\Akki\Primus IDP\primus_idp_backend\.venv\Lib\site-packages\sqlalchemy\dialects\postgresql\asyncpg.py", line 545, in _prepare_and_execute
    self._rows = deque(await prepared_stmt.fetch(*parameters))
                       ^^^^^^^^^^^^^^^^^^^^^^^^^^^^^^^^^^^^^^
  File "C:\Users\Akki\Primus IDP\primus_idp_backend\.venv\Lib\site-packages\asyncpg\prepared_stmt.py", line 176, in fetch
    data = await self.__bind_execute(args, 0, timeout)
           ^^^^^^^^^^^^^^^^^^^^^^^^^^^^^^^^^^^^^^^^^^^
  File "C:\Users\Akki\Primus IDP\primus_idp_backend\.venv\Lib\site-packages\asyncpg\prepared_stmt.py", line 267, in __bind_execute
    data, status, _ = await self.__do_execute(
                      ^^^^^^^^^^^^^^^^^^^^^^^^
  File "C:\Users\Akki\Primus IDP\primus_idp_backend\.venv\Lib\site-packages\asyncpg\prepared_stmt.py", line 256, in __do_execute
    return await executor(protocol)
           ^^^^^^^^^^^^^^^^^^^^^^^^
  File "asyncpg\\protocol\\protocol.pyx", line 206, in bind_execute
asyncpg.exceptions.FeatureNotSupportedError: extension "vector" is not available
DETAIL:  Could not open extension control file "/usr/local/share/postgresql/extension/vector.control": No such file or directory.
HINT:  The extension must first be installed on the system where PostgreSQL is running.

The above exception was the direct cause of the following exception:

Traceback (most recent call last):
  File "C:\Users\Akki\Primus IDP\primus_idp_backend\.venv\Lib\site-packages\sqlalchemy\engine\base.py", line 1963, in _exec_single_context
    self.dialect.do_execute(
  File "C:\Users\Akki\Primus IDP\primus_idp_backend\.venv\Lib\site-packages\sqlalchemy\engine\default.py", line 943, in do_execute
    cursor.execute(statement, parameters)
  File "C:\Users\Akki\Primus IDP\primus_idp_backend\.venv\Lib\site-packages\sqlalchemy\dialects\postgresql\asyncpg.py", line 580, in execute
    self._adapt_connection.await_(
  File "C:\Users\Akki\Primus IDP\primus_idp_backend\.venv\Lib\site-packages\sqlalchemy\util\_concurrency_py3k.py", line 132, in await_only
    return current.parent.switch(awaitable)  # type: ignore[no-any-return,attr-defined] # noqa: E501
           ^^^^^^^^^^^^^^^^^^^^^^^^^^^^^^^^
  File "C:\Users\Akki\Primus IDP\primus_idp_backend\.venv\Lib\site-packages\sqlalchemy\util\_concurrency_py3k.py", line 196, in greenlet_spawn
    value = await result
            ^^^^^^^^^^^^
  File "C:\Users\Akki\Primus IDP\primus_idp_backend\.venv\Lib\site-packages\sqlalchemy\dialects\postgresql\asyncpg.py", line 558, in _prepare_and_execute
    self._handle_exception(error)
  File "C:\Users\Akki\Primus IDP\primus_idp_backend\.venv\Lib\site-packages\sqlalchemy\dialects\postgresql\asyncpg.py", line 508, in _handle_exception
    self._adapt_connection._handle_exception(error)
  File "C:\Users\Akki\Primus IDP\primus_idp_backend\.venv\Lib\site-packages\sqlalchemy\dialects\postgresql\asyncpg.py", line 792, in _handle_exception
    raise translated_error from error
sqlalchemy.dialects.postgresql.asyncpg.AsyncAdapt_asyncpg_dbapi.Error: <class 'asyncpg.exceptions.FeatureNotSupportedError'>: extension "vector" is not available
DETAIL:  Could not open extension control file "/usr/local/share/postgresql/extension/vector.control": No such file or directory.
HINT:  The extension must first be installed on the system where PostgreSQL is running.

The above exception was the direct cause of the following exception:

Traceback (most recent call last):
  File "C:\Users\Akki\Primus IDP\primus_idp_backend\.venv\Lib\site-packages\starlette\routing.py", line 693, in lifespan
    async with self.lifespan_context(app) as maybe_state:
               ^^^^^^^^^^^^^^^^^^^^^^^^^^
  File "C:\Users\Akki\AppData\Roaming\uv\python\cpython-3.12.11-windows-x86_64-none\Lib\contextlib.py", line 210, in __aenter__
    return await anext(self.gen)
           ^^^^^^^^^^^^^^^^^^^^^
  File "C:\Users\Akki\Primus IDP\primus_idp_backend\.venv\Lib\site-packages\fastapi\routing.py", line 133, in merged_lifespan
    async with original_context(app) as maybe_original_state:
               ^^^^^^^^^^^^^^^^^^^^^
  File "C:\Users\Akki\AppData\Roaming\uv\python\cpython-3.12.11-windows-x86_64-none\Lib\contextlib.py", line 210, in __aenter__
    return await anext(self.gen)
           ^^^^^^^^^^^^^^^^^^^^^
  File "C:\Users\Akki\Primus IDP\primus_idp_backend\.venv\Lib\site-packages\fastapi\routing.py", line 133, in merged_lifespan
    async with original_context(app) as maybe_original_state:
               ^^^^^^^^^^^^^^^^^^^^^
  File "C:\Users\Akki\AppData\Roaming\uv\python\cpython-3.12.11-windows-x86_64-none\Lib\contextlib.py", line 210, in __aenter__
    return await anext(self.gen)
           ^^^^^^^^^^^^^^^^^^^^^
  File "C:\Users\Akki\Primus IDP\primus_idp_backend\.venv\Lib\site-packages\fastapi\routing.py", line 133, in merged_lifespan
    async with original_context(app) as maybe_original_state:
               ^^^^^^^^^^^^^^^^^^^^^
  File "C:\Users\Akki\AppData\Roaming\uv\python\cpython-3.12.11-windows-x86_64-none\Lib\contextlib.py", line 210, in __aenter__
    return await anext(self.gen)
           ^^^^^^^^^^^^^^^^^^^^^
  File "C:\Users\Akki\Primus IDP\primus_idp_backend\.venv\Lib\site-packages\fastapi\routing.py", line 133, in merged_lifespan
    async with original_context(app) as maybe_original_state:
               ^^^^^^^^^^^^^^^^^^^^^
  File "C:\Users\Akki\AppData\Roaming\uv\python\cpython-3.12.11-windows-x86_64-none\Lib\contextlib.py", line 210, in __aenter__
    return await anext(self.gen)
           ^^^^^^^^^^^^^^^^^^^^^
  File "C:\Users\Akki\Primus IDP\primus_idp_backend\.venv\Lib\site-packages\fastapi\routing.py", line 133, in merged_lifespan
    async with original_context(app) as maybe_original_state:
               ^^^^^^^^^^^^^^^^^^^^^
  File "C:\Users\Akki\AppData\Roaming\uv\python\cpython-3.12.11-windows-x86_64-none\Lib\contextlib.py", line 210, in __aenter__
    return await anext(self.gen)
           ^^^^^^^^^^^^^^^^^^^^^
  File "C:\Users\Akki\Primus IDP\primus_idp_backend\.venv\Lib\site-packages\fastapi\routing.py", line 133, in merged_lifespan
    async with original_context(app) as maybe_original_state:
               ^^^^^^^^^^^^^^^^^^^^^
  File "C:\Users\Akki\AppData\Roaming\uv\python\cpython-3.12.11-windows-x86_64-none\Lib\contextlib.py", line 210, in __aenter__
    return await anext(self.gen)
           ^^^^^^^^^^^^^^^^^^^^^
  File "C:\Users\Akki\Primus IDP\primus_idp_backend\.venv\Lib\site-packages\fastapi\routing.py", line 133, in merged_lifespan
    async with original_context(app) as maybe_original_state:
               ^^^^^^^^^^^^^^^^^^^^^
  File "C:\Users\Akki\AppData\Roaming\uv\python\cpython-3.12.11-windows-x86_64-none\Lib\contextlib.py", line 210, in __aenter__
    return await anext(self.gen)
           ^^^^^^^^^^^^^^^^^^^^^
  File "C:\Users\Akki\Primus IDP\primus_idp_backend\.venv\Lib\site-packages\fastapi\routing.py", line 133, in merged_lifespan
    async with original_context(app) as maybe_original_state:
               ^^^^^^^^^^^^^^^^^^^^^
  File "C:\Users\Akki\AppData\Roaming\uv\python\cpython-3.12.11-windows-x86_64-none\Lib\contextlib.py", line 210, in __aenter__
    return await anext(self.gen)
           ^^^^^^^^^^^^^^^^^^^^^
  File "C:\Users\Akki\Primus IDP\primus_idp_backend\app\app.py", line 17, in lifespan
    await create_db_and_tables()
  File "C:\Users\Akki\Primus IDP\primus_idp_backend\app\db.py", line 451, in create_db_and_tables
    await conn.execute(text("CREATE EXTENSION IF NOT EXISTS vector"))
  File "C:\Users\Akki\Primus IDP\primus_idp_backend\.venv\Lib\site-packages\sqlalchemy\ext\asyncio\engine.py", line 658, in execute
    result = await greenlet_spawn(
             ^^^^^^^^^^^^^^^^^^^^^
  File "C:\Users\Akki\Primus IDP\primus_idp_backend\.venv\Lib\site-packages\sqlalchemy\util\_concurrency_py3k.py", line 201, in greenlet_spawn
    result = context.throw(*sys.exc_info())
             ^^^^^^^^^^^^^^^^^^^^^^^^^^^^^^
  File "C:\Users\Akki\Primus IDP\primus_idp_backend\.venv\Lib\site-packages\sqlalchemy\engine\base.py", line 1415, in execute
    return meth(
           ^^^^^
  File "C:\Users\Akki\Primus IDP\primus_idp_backend\.venv\Lib\site-packages\sqlalchemy\sql\elements.py", line 523, in _execute_on_connection
    return connection._execute_clauseelement(
           ^^^^^^^^^^^^^^^^^^^^^^^^^^^^^^^^^^
  File "C:\Users\Akki\Primus IDP\primus_idp_backend\.venv\Lib\site-packages\sqlalchemy\engine\base.py", line 1637, in _execute_clauseelement
    ret = self._execute_context(
          ^^^^^^^^^^^^^^^^^^^^^^
  File "C:\Users\Akki\Primus IDP\primus_idp_backend\.venv\Lib\site-packages\sqlalchemy\engine\base.py", line 1842, in _execute_context
    return self._exec_single_context(
           ^^^^^^^^^^^^^^^^^^^^^^^^^^
  File "C:\Users\Akki\Primus IDP\primus_idp_backend\.venv\Lib\site-packages\sqlalchemy\engine\base.py", line 1982, in _exec_single_context
    self._handle_dbapi_exception(
  File "C:\Users\Akki\Primus IDP\primus_idp_backend\.venv\Lib\site-packages\sqlalchemy\engine\base.py", line 2351, in _handle_dbapi_exception
    raise sqlalchemy_exception.with_traceback(exc_info[2]) from e
  File "C:\Users\Akki\Primus IDP\primus_idp_backend\.venv\Lib\site-packages\sqlalchemy\engine\base.py", line 1963, in _exec_single_context
    self.dialect.do_execute(
  File "C:\Users\Akki\Primus IDP\primus_idp_backend\.venv\Lib\site-packages\sqlalchemy\engine\default.py", line 943, in do_execute
    cursor.execute(statement, parameters)
  File "C:\Users\Akki\Primus IDP\primus_idp_backend\.venv\Lib\site-packages\sqlalchemy\dialects\postgresql\asyncpg.py", line 580, in execute
    self._adapt_connection.await_(
  File "C:\Users\Akki\Primus IDP\primus_idp_backend\.venv\Lib\site-packages\sqlalchemy\util\_concurrency_py3k.py", line 132, in await_only
    return current.parent.switch(awaitable)  # type: ignore[no-any-return,attr-defined] # noqa: E501
           ^^^^^^^^^^^^^^^^^^^^^^^^^^^^^^^^
  File "C:\Users\Akki\Primus IDP\primus_idp_backend\.venv\Lib\site-packages\sqlalchemy\util\_concurrency_py3k.py", line 196, in greenlet_spawn
    value = await result
            ^^^^^^^^^^^^
  File "C:\Users\Akki\Primus IDP\primus_idp_backend\.venv\Lib\site-packages\sqlalchemy\dialects\postgresql\asyncpg.py", line 558, in _prepare_and_execute
    self._handle_exception(error)
  File "C:\Users\Akki\Primus IDP\primus_idp_backend\.venv\Lib\site-packages\sqlalchemy\dialects\postgresql\asyncpg.py", line 508, in _handle_exception
    self._adapt_connection._handle_exception(error)
  File "C:\Users\Akki\Primus IDP\primus_idp_backend\.venv\Lib\site-packages\sqlalchemy\dialects\postgresql\asyncpg.py", line 792, in _handle_exception
    raise translated_error from error
sqlalchemy.exc.DBAPIError: (sqlalchemy.dialects.postgresql.asyncpg.Error) <class 'asyncpg.exceptions.FeatureNotSupportedError'>: extension "vector" is not available
DETAIL:  Could not open extension control file "/usr/local/share/postgresql/extension/vector.control": No such file or directory.
HINT:  The extension must first be installed on the system where PostgreSQL is running.
[SQL: CREATE EXTENSION IF NOT EXISTS vector]
(Background on this error at: https://sqlalche.me/e/20/dbapi)

ERROR:    Application startup failed. Exiting.
Loading FlashRankRanker model ms-marco-MiniLM-L-12-v2 (this message can be suppressed by setting verbose=0)
Loading model FlashRank model ms-marco-MiniLM-L-12-v2...
